0 verbose cli C:\Program Files\nodejs\node.exe C:\Program Files\nodejs\node_modules\npm\bin\npm-cli.js
1 info using npm@10.2.3
2 info using node@v20.10.0
3 timing npm:load:whichnode Completed in 9ms
4 timing config:load:defaults Completed in 14ms
5 timing config:load:file:C:\Program Files\nodejs\node_modules\npm\npmrc Completed in 8ms
6 timing config:load:builtin Completed in 8ms
7 timing config:load:cli Completed in 8ms
8 timing config:load:env Completed in 2ms
9 timing config:load:project Completed in 6ms
10 timing config:load:file:C:\Users\101018\.npmrc Completed in 3ms
11 timing config:load:user Completed in 3ms
12 timing config:load:file:C:\Users\101018\Desktop\Tourism\$NVM_DIR\versions\node\20.10.0\lib\etc\npmrc Completed in 1ms
13 timing config:load:global Completed in 1ms
14 timing config:load:setEnvs Completed in 3ms
15 timing config:load Completed in 49ms
16 timing npm:load:configload Completed in 50ms
17 timing config:load:flatten Completed in 9ms
18 timing npm:load:mkdirpcache Completed in 1ms
19 timing npm:load:mkdirplogs Completed in 2ms
20 verbose title npm create vite@latest
21 verbose argv "create" "vite@latest"
22 timing npm:load:setTitle Completed in 3ms
23 timing npm:load:display Completed in 2ms
24 verbose logfile logs-max:10 dir:C:\Users\101018\Desktop\Tourism\$NVM_DIR\versions\node\20.10.0\cache\_logs\2024-12-16T04_25_31_672Z-
25 verbose logfile C:\Users\101018\Desktop\Tourism\$NVM_DIR\versions\node\20.10.0\cache\_logs\2024-12-16T04_25_31_672Z-debug-0.log
26 timing npm:load:logFile Completed in 42ms
27 timing npm:load:timers Completed in 0ms
28 timing npm:load:configScope Completed in 0ms
29 timing npm:load Completed in 230ms
30 silly logfile done cleaning log files
31 timing arborist:ctor Completed in 3ms
32 http fetch GET 200 https://registry.npmjs.org/create-vite 547ms (cache miss)
33 timing arborist:ctor Completed in 1ms
34 timing arborist:ctor Completed in 1ms
35 timing idealTree:init Completed in 23ms
36 timing idealTree:userRequests Completed in 5ms
37 silly idealTree buildDeps
38 silly fetch manifest create-vite@6.0.1
39 http fetch GET 200 https://registry.npmjs.org/create-vite 59ms (cache hit)
40 silly placeDep ROOT create-vite@6.0.1 OK for:  want: 6.0.1
41 timing idealTree:#root Completed in 85ms
42 timing idealTree:node_modules/create-vite Completed in 0ms
43 timing idealTree:buildDeps Completed in 90ms
44 timing idealTree:fixDepFlags Completed in 2ms
45 timing idealTree Completed in 127ms
46 timing reify:loadTrees Completed in 128ms
47 timing reify:diffTrees Completed in 3ms
48 silly reify moves {}
49 timing reify:retireShallow Completed in 4ms
50 timing reify:createSparse Completed in 11ms
51 timing reify:loadBundles Completed in 0ms
52 silly audit bulk request { 'create-vite': [ '6.0.1' ] }
53 silly tarball no local data for create-vite@https://registry.npmjs.org/create-vite/-/create-vite-6.0.1.tgz. Extracting by manifest.
54 http fetch POST 200 https://registry.npmjs.org/-/npm/v1/security/advisories/bulk 824ms
55 timing auditReport:getReport Completed in 831ms
56 silly audit report {}
57 timing auditReport:init Completed in 0ms
58 timing reify:audit Completed in 834ms
59 http fetch GET 200 https://registry.npmjs.org/create-vite/-/create-vite-6.0.1.tgz 1653ms (cache miss)
60 timing reifyNode:node_modules/create-vite Completed in 1684ms
61 timing reify:unpack Completed in 1685ms
62 timing reify:unretire Completed in 1ms
63 timing build:queue Completed in 2ms
64 timing build:link:node_modules/create-vite Completed in 37ms
65 timing build:link Completed in 37ms
66 timing build:deps Completed in 41ms
67 timing build Completed in 42ms
68 timing reify:build Completed in 42ms
69 timing reify:trash Completed in 0ms
70 timing reify:save Completed in 23ms
71 timing reify Completed in 1932ms
72 timing command:create Completed in 30913ms
73 verbose exit 0
74 timing npm Completed in 32812ms
75 info ok
